<?xml version="1.0" encoding="UTF-8" ?>
<testsuite tests="16" failures="0" name="HappyTeamsTest" time="0.263" errors="0" skipped="0">
  <properties>
[...]
</properties>
  <testcase classname="HappyTeamsTest" name="testBest" time="0.254"/>
  <testcase classname="HappyTeamsTest" name="testBothWrongSwap" time="0"/>
  <testcase classname="HappyTeamsTest" name="testFillMatrix" time="0"/>
  <testcase classname="HappyTeamsTest" name="testFillMatrixWrong" time="0.002"/>
  <testcase classname="HappyTeamsTest" name="testGetIDMatrixIndex" time="0.001"/>
  <testcase classname="HappyTeamsTest" name="testGetIDMatrixIndexWrong" time="0"/>
  <testcase classname="HappyTeamsTest" name="testHappiness" time="0.001"/>
  <testcase classname="HappyTeamsTest" name="testHappyWrong" time="0"/>
  <testcase classname="HappyTeamsTest" name="testInizializer" time="0.001"/>
  <testcase classname="HappyTeamsTest" name="testNegativeHappy" time="0"/>
  <testcase classname="HappyTeamsTest" name="testPrefMatrixIndex" time="0.001"/>
  <testcase classname="HappyTeamsTest" name="testSwap" time="0"/>
  <testcase classname="HappyTeamsTest" name="testSwapHappiness" time="0.001"/>
  <testcase classname="HappyTeamsTest" name="testTotalHappiness" time="0"/>
  <testcase classname="HappyTeamsTest" name="testTotalHappinessSwap" time="0.001"/>
  <testcase classname="HappyTeamsTest" name="testWrongSwap" time="0.001"/>
</testsuite>